[debug] [2020-06-03T12:31:35.979Z] ----------------------------------------------------------------------
[debug] [2020-06-03T12:31:35.981Z] Command:       C:\Program Files\nodejs\node.exe C:\Users\Piotr\AppData\Roaming\npm\node_modules\firebase-tools\lib\bin\firebase.js deploy
[debug] [2020-06-03T12:31:35.981Z] CLI Version:   8.4.1
[debug] [2020-06-03T12:31:35.981Z] Platform:      win32
[debug] [2020-06-03T12:31:35.981Z] Node Version:  v10.17.0
[debug] [2020-06-03T12:31:35.982Z] Time:          Wed Jun 03 2020 14:31:35 GMT+0200 (GMT+02:00)
[debug] [2020-06-03T12:31:35.982Z] ----------------------------------------------------------------------
[debug] [2020-06-03T12:31:35.982Z] 
[debug] [2020-06-03T12:31:35.990Z] > command requires scopes: ["email","openid","https://www.googleapis.com/auth/cloudplatformprojects.readonly","https://www.googleapis.com/auth/firebase","https://www.googleapis.com/auth/cloud-platform"]
[debug] [2020-06-03T12:31:35.990Z] > authorizing via signed-in user
[debug] [2020-06-03T12:31:35.990Z] [iam] checking project praktyki-438ed for permissions ["firebase.projects.get","firebasehosting.sites.update"]
[debug] [2020-06-03T12:31:35.993Z] >>> HTTP REQUEST POST https://cloudresourcemanager.googleapis.com/v1/projects/praktyki-438ed:testIamPermissions  
 {"permissions":["firebase.projects.get","firebasehosting.sites.update"]}
[debug] [2020-06-03T12:31:43.488Z] <<< HTTP RESPONSE 200 {"content-type":"application/json; charset=UTF-8","vary":"X-Origin, Referer, Origin,Accept-Encoding","date":"Wed, 03 Jun 2020 12:30:19 GMT","server":"ESF","cache-control":"private","x-xss-protection":"0","x-frame-options":"SAMEORIGIN","x-content-type-options":"nosniff","server-timing":"gfet4t7; dur=702","alt-svc":"h3-27=\":443\"; ma=2592000,h3-25=\":443\"; ma=2592000,h3-T050=\":443\"; ma=2592000,h3-Q050=\":443\"; ma=2592000,h3-Q049=\":443\"; ma=2592000,h3-Q048=\":443\"; ma=2592000,h3-Q046=\":443\"; ma=2592000,h3-Q043=\":443\"; ma=2592000,quic=\":443\"; ma=2592000; v=\"46,43\"","accept-ranges":"none","transfer-encoding":"chunked"}
[debug] [2020-06-03T12:31:43.492Z] >>> HTTP REQUEST GET https://firebase.googleapis.com/v1beta1/projects/praktyki-438ed  
 
[debug] [2020-06-03T12:31:44.020Z] <<< HTTP RESPONSE 200 {"content-type":"application/json; charset=UTF-8","vary":"X-Origin, Referer, Origin,Accept-Encoding","date":"Wed, 03 Jun 2020 12:30:19 GMT","server":"ESF","cache-control":"private","x-xss-protection":"0","x-frame-options":"SAMEORIGIN","x-content-type-options":"nosniff","alt-svc":"h3-27=\":443\"; ma=2592000,h3-25=\":443\"; ma=2592000,h3-T050=\":443\"; ma=2592000,h3-Q050=\":443\"; ma=2592000,h3-Q049=\":443\"; ma=2592000,h3-Q048=\":443\"; ma=2592000,h3-Q046=\":443\"; ma=2592000,h3-Q043=\":443\"; ma=2592000,quic=\":443\"; ma=2592000; v=\"46,43\"","accept-ranges":"none","transfer-encoding":"chunked"}
[info] 
[info] === Deploying to 'praktyki-438ed'...
[info] 
[info] i  deploying hosting 
[debug] [2020-06-03T12:31:44.025Z] >>> HTTP REQUEST POST https://firebasehosting.googleapis.com/v1beta1/sites/praktyki-438ed/versions  
 {"config":{},"labels":{"deployment-tool":"cli-firebase"}}
[debug] [2020-06-03T12:31:47.074Z] <<< HTTP RESPONSE 200 {"content-type":"application/json; charset=UTF-8","vary":"X-Origin, Referer, Origin,Accept-Encoding","date":"Wed, 03 Jun 2020 12:30:22 GMT","server":"ESF","cache-control":"private","x-xss-protection":"0","x-frame-options":"SAMEORIGIN","x-content-type-options":"nosniff","alt-svc":"h3-27=\":443\"; ma=2592000,h3-25=\":443\"; ma=2592000,h3-T050=\":443\"; ma=2592000,h3-Q050=\":443\"; ma=2592000,h3-Q049=\":443\"; ma=2592000,h3-Q048=\":443\"; ma=2592000,h3-Q046=\":443\"; ma=2592000,h3-Q043=\":443\"; ma=2592000,quic=\":443\"; ma=2592000; v=\"46,43\"","accept-ranges":"none","transfer-encoding":"chunked"}
[info] i  hosting[praktyki-438ed]: beginning deploy... 
[info] i  hosting[praktyki-438ed]: found 58 files in public 
[debug] [2020-06-03T12:31:47.133Z] [hosting] hash cache [cHVibGlj] stored for 58 files
[debug] [2020-06-03T12:31:47.134Z] [hosting][hash queue][FINAL] {"max":7,"min":0,"avg":0.9423223345470444,"active":0,"complete":58,"success":58,"errored":0,"retried":0,"total":58,"elapsed":12}
[debug] [2020-06-03T12:31:47.134Z] >>> HTTP REQUEST POST https://firebasehosting.googleapis.com/v1beta1/sites/praktyki-438ed/versions/dc1fa8255dde4d38:populateFiles  
 <request body omitted>
[debug] [2020-06-03T12:31:55.763Z] <<< HTTP RESPONSE 200 {"content-type":"application/json; charset=UTF-8","vary":"X-Origin, Referer, Origin,Accept-Encoding","date":"Wed, 03 Jun 2020 12:30:27 GMT","server":"ESF","cache-control":"private","x-xss-protection":"0","x-frame-options":"SAMEORIGIN","x-content-type-options":"nosniff","alt-svc":"h3-27=\":443\"; ma=2592000,h3-25=\":443\"; ma=2592000,h3-T050=\":443\"; ma=2592000,h3-Q050=\":443\"; ma=2592000,h3-Q049=\":443\"; ma=2592000,h3-Q048=\":443\"; ma=2592000,h3-Q046=\":443\"; ma=2592000,h3-Q043=\":443\"; ma=2592000,quic=\":443\"; ma=2592000; v=\"46,43\"","accept-ranges":"none","transfer-encoding":"chunked"}
[debug] [2020-06-03T12:31:55.763Z] [hosting][populate queue][FINAL] {"max":8633,"min":8633,"avg":8633,"active":0,"complete":1,"success":1,"errored":0,"retried":0,"total":1,"elapsed":8633}
[debug] [2020-06-03T12:31:55.763Z] [hosting] uploads queued: 0
[debug] [2020-06-03T12:31:55.763Z] [hosting][upload queue][FINAL] {"max":0,"min":9999999999,"avg":0,"active":0,"complete":0,"success":0,"errored":0,"retried":0,"total":0,"elapsed":1591187515763}
[info] +  hosting[praktyki-438ed]: file upload complete 
[debug] [2020-06-03T12:31:55.765Z] [hosting] deploy completed after 8687ms
[debug] [2020-06-03T12:31:57.283Z] [
  {
    "config": {
      "public": "public",
      "ignore": [
        "firebase.json",
        "**/.*",
        "**/node_modules/**"
      ],
      "site": "praktyki-438ed"
    },
    "site": "praktyki-438ed",
    "version": "sites/praktyki-438ed/versions/dc1fa8255dde4d38"
  }
]
[info] i  hosting[praktyki-438ed]: finalizing version... 
[debug] [2020-06-03T12:31:57.284Z] >>> HTTP REQUEST PATCH https://firebasehosting.googleapis.com/v1beta1/sites/praktyki-438ed/versions/dc1fa8255dde4d38?updateMask=status  
 {"status":"FINALIZED"}
